D9:7F:0 -- Chanel: 10 -- Note: 127 -- Velocity: 0;
B0:19:17 -- Chanel: 1 -- Note: 25 -- Velocity: 23;
D9:7D:0 -- Chanel: 10 -- Note: 125 -- Velocity: 0;
D9:76:0 -- Chanel: 10 -- Note: 118 -- Velocity: 0;
D9:75:0 -- Chanel: 10 -- Note: 117 -- Velocity: 0;
D9:6E:0 -- Chanel: 10 -- Note: 110 -- Velocity: 0;
B0:19:18 -- Chanel: 1 -- Note: 25 -- Velocity: 24;
B0:19:17 -- Chanel: 1 -- Note: 25 -- Velocity: 23;
B0:19:18 -- Chanel: 1 -- Note: 25 -- Velocity: 24;
B0:19:17 -- Chanel: 1 -- Note: 25 -- Velocity: 23;
B0:19:18 -- Chanel: 1 -- Note: 25 -- Velocity: 24;
B0:19:17 -- Chanel: 1 -- Note: 25 -- Velocity: 23;
B0:19:18 -- Chanel: 1 -- Note: 25 -- Velocity: 24;
B0:19:17 -- Chanel: 1 -- Note: 25 -- Velocity: 23;
B0:19:18 -- Chanel: 1 -- Note: 25 -- Velocity: 24;
B0:19:17 -- Chanel: 1 -- Note: 25 -- Velocity: 23;
B0:19:18 -- Chanel: 1 -- Note: 25 -- Velocity: 24;
B0:19:17 -- Chanel: 1 -- Note: 25 -- Velocity: 23;
B0:19:18 -- Chanel: 1 -- Note: 25 -- Velocity: 24;
B0:19:17 -- Chanel: 1 -- Note: 25 -- Velocity: 23;
B0:19:18 -- Chanel: 1 -- Note: 25 -- Velocity: 24;
B0:19:17 -- Chanel: 1 -- Note: 25 -- Velocity: 23;
B0:19:18 -- Chanel: 1 -- Note: 25 -- Velocity: 24;
B0:19:17 -- Chanel: 1 -- Note: 25 -- Velocity: 23;
B0:19:18 -- Chanel: 1 -- Note: 25 -- Velocity: 24;
B0:19:17 -- Chanel: 1 -- Note: 25 -- Velocity: 23;
B0:19:18 -- Chanel: 1 -- Note: 25 -- Velocity: 24;
B0:19:17 -- Chanel: 1 -- Note: 25 -- Velocity: 23;
B0:19:18 -- Chanel: 1 -- Note: 25 -- Velocity: 24;
B0:19:17 -- Chanel: 1 -- Note: 25 -- Velocity: 23;
B0:19:18 -- Chanel: 1 -- Note: 25 -- Velocity: 24;
B0:19:17 -- Chanel: 1 -- Note: 25 -- Velocity: 23;
B0:19:18 -- Chanel: 1 -- Note: 25 -- Velocity: 24;
B0:19:17 -- Chanel: 1 -- Note: 25 -- Velocity: 23;
B0:19:18 -- Chanel: 1 -- Note: 25 -- Velocity: 24;
B0:19:17 -- Chanel: 1 -- Note: 25 -- Velocity: 23;
B0:19:18 -- Chanel: 1 -- Note: 25 -- Velocity: 24;
B0:19:17 -- Chanel: 1 -- Note: 25 -- Velocity: 23;
B0:19:18 -- Chanel: 1 -- Note: 25 -- Velocity: 24;
B0:19:17 -- Chanel: 1 -- Note: 25 -- Velocity: 23;
B0:19:18 -- Chanel: 1 -- Note: 25 -- Velocity: 24;
B0:19:17 -- Chanel: 1 -- Note: 25 -- Velocity: 23;
B0:19:18 -- Chanel: 1 -- Note: 25 -- Velocity: 24;
B0:19:17 -- Chanel: 1 -- Note: 25 -- Velocity: 23;
B0:19:18 -- Chanel: 1 -- Note: 25 -- Velocity: 24;
B0:19:17 -- Chanel: 1 -- Note: 25 -- Velocity: 23;
B0:19:18 -- Chanel: 1 -- Note: 25 -- Velocity: 24;
B0:19:17 -- Chanel: 1 -- Note: 25 -- Velocity: 23;
B0:19:18 -- Chanel: 1 -- Note: 25 -- Velocity: 24;
B0:19:17 -- Chanel: 1 -- Note: 25 -- Velocity: 23;
B0:19:18 -- Chanel: 1 -- Note: 25 -- Velocity: 24;
B0:19:17 -- Chanel: 1 -- Note: 25 -- Velocity: 23;
B0:19:18 -- Chanel: 1 -- Note: 25 -- Velocity: 24;
B0:19:17 -- Chanel: 1 -- Note: 25 -- Velocity: 23;
B0:19:18 -- Chanel: 1 -- Note: 25 -- Velocity: 24;
B0:19:17 -- Chanel: 1 -- Note: 25 -- Velocity: 23;
B0:19:18 -- Chanel: 1 -- Note: 25 -- Velocity: 24;
B0:19:17 -- Chanel: 1 -- Note: 25 -- Velocity: 23;
B0:19:18 -- Chanel: 1 -- Note: 25 -- Velocity: 24;
B0:19:17 -- Chanel: 1 -- Note: 25 -- Velocity: 23;
B0:19:18 -- Chanel: 1 -- Note: 25 -- Velocity: 24;
B0:19:17 -- Chanel: 1 -- Note: 25 -- Velocity: 23;
B0:19:18 -- Chanel: 1 -- Note: 25 -- Velocity: 24;
B0:19:17 -- Chanel: 1 -- Note: 25 -- Velocity: 23;
B0:19:18 -- Chanel: 1 -- Note: 25 -- Velocity: 24;
B0:19:17 -- Chanel: 1 -- Note: 25 -- Velocity: 23;
B0:19:18 -- Chanel: 1 -- Note: 25 -- Velocity: 24;
B0:19:17 -- Chanel: 1 -- Note: 25 -- Velocity: 23;
B0:19:18 -- Chanel: 1 -- Note: 25 -- Velocity: 24;
B0:19:17 -- Chanel: 1 -- Note: 25 -- Velocity: 23;
B0:19:18 -- Chanel: 1 -- Note: 25 -- Velocity: 24;
B0:19:17 -- Chanel: 1 -- Note: 25 -- Velocity: 23;
B0:19:18 -- Chanel: 1 -- Note: 25 -- Velocity: 24;
B0:19:17 -- Chanel: 1 -- Note: 25 -- Velocity: 23;
B0:19:18 -- Chanel: 1 -- Note: 25 -- Velocity: 24;
B0:19:17 -- Chanel: 1 -- Note: 25 -- Velocity: 23;
B0:19:18 -- Chanel: 1 -- Note: 25 -- Velocity: 24;
B0:19:17 -- Chanel: 1 -- Note: 25 -- Velocity: 23;
B0:19:18 -- Chanel: 1 -- Note: 25 -- Velocity: 24;
B0:19:17 -- Chanel: 1 -- Note: 25 -- Velocity: 23;
B0:19:18 -- Chanel: 1 -- Note: 25 -- Velocity: 24;
B0:19:17 -- Chanel: 1 -- Note: 25 -- Velocity: 23;
B0:19:18 -- Chanel: 1 -- Note: 25 -- Velocity: 24;
B0:19:17 -- Chanel: 1 -- Note: 25 -- Velocity: 23;
B0:19:18 -- Chanel: 1 -- Note: 25 -- Velocity: 24;
B0:19:17 -- Chanel: 1 -- Note: 25 -- Velocity: 23;
B0:19:18 -- Chanel: 1 -- Note: 25 -- Velocity: 24;

B0:19:17 -- Chanel: 1 -- Note: 25 -- Velocity: 23;
B0:19:18 -- Chanel: 1 -- Note: 25 -- Velocity: 24;
B0:19:17 -- Chanel: 1 -- Note: 25 -- Velocity: 23;
B0:19:18 -- Chanel: 1 -- Note: 25 -- Velocity: 24;
B0:19:17 -- Chanel: 1 -- Note: 25 -- Velocity: 23;
B0:19:18 -- Chanel: 1 -- Note: 25 -- Velocity: 24;
B0:19:17 -- Chanel: 1 -- Note: 25 -- Velocity: 23;
B0:19:18 -- Chanel: 1 -- Note: 25 -- Velocity: 24;
B0:19:17 -- Chanel: 1 -- Note: 25 -- Velocity: 23;
B0:19:18 -- Chanel: 1 -- Note: 25 -- Velocity: 24;
B0:19:17 -- Chanel: 1 -- Note: 25 -- Velocity: 23;
99:18:F -- Chanel: 10 -- Note: 24 -- Velocity: 15;
B0:17:10 -- Chanel: 1 -- Note: 23 -- Velocity: 16;
B0:17:F -- Chanel: 1 -- Note: 23 -- Velocity: 15;
D9:42:0 -- Chanel: 10 -- Note: 66 -- Velocity: 0;
D9:48:0 -- Chanel: 10 -- Note: 72 -- Velocity: 0;
D9:4E:0 -- Chanel: 10 -- Note: 78 -- Velocity: 0;
D9:55:0 -- Chanel: 10 -- Note: 85 -- Velocity: 0;
D9:5A:0 -- Chanel: 10 -- Note: 90 -- Velocity: 0;
B0:16:2 -- Chanel: 1 -- Note: 22 -- Velocity: 2;
D9:5F:0 -- Chanel: 10 -- Note: 95 -- Velocity: 0;
B0:16:1 -- Chanel: 1 -- Note: 22 -- Velocity: 1;
B0:17:10 -- Chanel: 1 -- Note: 23 -- Velocity: 16;
B0:16:2 -- Chanel: 1 -- Note: 22 -- Velocity: 2;
D9:62:0 -- Chanel: 10 -- Note: 98 -- Velocity: 0;
B0:17:F -- Chanel: 1 -- Note: 23 -- Velocity: 15;
B0:16:1 -- Chanel: 1 -- Note: 22 -- Velocity: 1;
D9:69:0 -- Chanel: 10 -- Note: 105 -- Velocity: 0;
B0:19:18 -- Chanel: 1 -- Note: 25 -- Velocity: 24;
D9:6D:0 -- Chanel: 10 -- Note: 109 -- Velocity: 0;
B0:19:17 -- Chanel: 1 -- Note: 25 -- Velocity: 23;
D9:72:0 -- Chanel: 10 -- Note: 114 -- Velocity: 0;
D9:73:0 -- Chanel: 10 -- Note: 115 -- Velocity: 0;
D9:76:0 -- Chanel: 10 -- Note: 118 -- Velocity: 0;
D9:78:0 -- Chanel: 10 -- Note: 120 -- Velocity: 0;
D9:7A:0 -- Chanel: 10 -- Note: 122 -- Velocity: 0;
B0:17:10 -- Chanel: 1 -- Note: 23 -- Velocity: 16;
B0:17:F -- Chanel: 1 -- Note: 23 -- Velocity: 15;
D9:78:0 -- Chanel: 10 -- Note: 120 -- Velocity: 0;
D9:7D:0 -- Chanel: 10 -- Note: 125 -- Velocity: 0;
B0:16:2 -- Chanel: 1 -- Note: 22 -- Velocity: 2;
B0:17:10 -- Chanel: 1 -- Note: 23 -- Velocity: 16;
B0:16:1 -- Chanel: 1 -- Note: 22 -- Velocity: 1;
B0:17:F -- Chanel: 1 -- Note: 23 -- Velocity: 15;
D9:7F:0 -- Chanel: 10 -- Note: 127 -- Velocity: 0;
D9:7E:0 -- Chanel: 10 -- Note: 126 -- Velocity: 0;
B0:16:2 -- Chanel: 1 -- Note: 22 -- Velocity: 2;
B0:17:10 -- Chanel: 1 -- Note: 23 -- Velocity: 16;
D9:7F:0 -- Chanel: 10 -- Note: 127 -- Velocity: 0;
B0:16:1 -- Chanel: 1 -- Note: 22 -- Velocity: 1;
D9:7E:0 -- Chanel: 10 -- Note: 126 -- Velocity: 0;
B0:19:18 -- Chanel: 1 -- Note: 25 -- Velocity: 24;
D9:7F:0 -- Chanel: 10 -- Note: 127 -- Velocity: 0;
B0:16:2 -- Chanel: 1 -- Note: 22 -- Velocity: 2;
B0:17:10 -- Chanel: 1 -- Note: 23 -- Velocity: 16;
B0:16:1 -- Chanel: 1 -- Note: 22 -- Velocity: 1;
B0:17:F -- Chanel: 1 -- Note: 23 -- Velocity: 15;
D9:7E:0 -- Chanel: 10 -- Note: 126 -- Velocity: 0;
B0:17:10 -- Chanel: 1 -- Note: 23 -- Velocity: 16;
B0:19:17 -- Chanel: 1 -- Note: 25 -- Velocity: 23;
B0:17:F -- Chanel: 1 -- Note: 23 -- Velocity: 15;
D9:7F:0 -- Chanel: 10 -- Note: 127 -- Velocity: 0;
B0:19:18 -- Chanel: 1 -- Note: 25 -- Velocity: 24;
B0:19:17 -- Chanel: 1 -- Note: 25 -- Velocity: 23;
D9:7E:0 -- Chanel: 10 -- Note: 126 -- Velocity: 0;
B0:19:18 -- Chanel: 1 -- Note: 25 -- Velocity: 24;
B0:19:17 -- Chanel: 1 -- Note: 25 -- Velocity: 23;
D9:7F:0 -- Chanel: 10 -- Note: 127 -- Velocity: 0;
B0:19:18 -- Chanel: 1 -- Note: 25 -- Velocity: 24;
B0:1A:1D -- Chanel: 1 -- Note: 26 -- Velocity: 29;
B0:19:17 -- Chanel: 1 -- Note: 25 -- Velocity: 23;
B0:19:18 -- Chanel: 1 -- Note: 25 -- Velocity: 24;
B0:1A:1C -- Chanel: 1 -- Note: 26 -- Velocity: 28;
B0:19:17 -- Chanel: 1 -- Note: 25 -- Velocity: 23;
D9:7E:0 -- Chanel: 10 -- Note: 126 -- Velocity: 0;
D9:7F:0 -- Chanel: 10 -- Note: 127 -- Velocity: 0;
B0:16:2 -- Chanel: 1 -- Note: 22 -- Velocity: 2;
B0:19:18 -- Chanel: 1 -- Note: 25 -- Velocity: 24;
B0:16:1 -- Chanel: 1 -- Note: 22 -- Velocity: 1;
B0:19:17 -- Chanel: 1 -- Note: 25 -- Velocity: 23;
B0:19:18 -- Chanel: 1 -- Note: 25 -- Velocity: 24;
B0:19:17 -- Chanel: 1 -- Note: 25 -- Velocity: 23;
B0:16:2 -- Chanel: 1 -- Note: 22 -- Velocity: 2;
B0:17:10 -- Chanel: 1 -- Note: 23 -- Velocity: 16;
B0:16:1 -- Chanel: 1 -- Note: 22 -- Velocity: 1;
B0:17:F -- Chanel: 1 -- Note: 23 -- Velocity: 15;
D9:7E:0 -- Chanel: 10 -- Note: 126 -- Velocity: 0;
D9:7F:0 -- Chanel: 10 -- Note: 127 -- Velocity: 0;
B0:1A:1D -- Chanel: 1 -- Note: 26 -- Velocity: 29;
B0:19:18 -- Chanel: 1 -- Note: 25 -- Velocity: 24;
B0:1A:1C -- Chanel: 1 -- Note: 26 -- Velocity: 28;
B0:19:17 -- Chanel: 1 -- Note: 25 -- Velocity: 23;
B0:19:18 -- Chanel: 1 -- Note: 25 -- Velocity: 24;
B0:19:17 -- Chanel: 1 -- Note: 25 -- Velocity: 23;
D9:7E:0 -- Chanel: 10 -- Note: 126 -- Velocity: 0;
B0:1A:1D -- Chanel: 1 -- Note: 26 -- Velocity: 29;
D9:7F:0 -- Chanel: 10 -- Note: 127 -- Velocity: 0;
B0:19:18 -- Chanel: 1 -- Note: 25 -- Velocity: 24;
D9:7E:0 -- Chanel: 10 -- Note: 126 -- Velocity: 0;
D9:7F:0 -- Chanel: 10 -- Note: 127 -- Velocity: 0;
D9:7E:0 -- Chanel: 10 -- Note: 126 -- Velocity: 0;
B0:19:18 -- Chanel: 1 -- Note: 25 -- Velocity: 24;
D9:7F:0 -- Chanel: 10 -- Note: 127 -- Velocity: 0;
B0:1A:1D -- Chanel: 1 -- Note: 26 -- Velocity: 29;
B0:19:17 -- Chanel: 1 -- Note: 25 -- Velocity: 23;
D9:7E:0 -- Chanel: 10 -- Note: 126 -- Velocity: 0;
D9:7F:0 -- Chanel: 10 -- Note: 127 -- Velocity: 0;
B0:19:18 -- Chanel: 1 -- Note: 25 -- Velocity: 24;
B0:1A:1C -- Chanel: 1 -- Note: 26 -- Velocity: 28;
B0:16:2 -- Chanel: 1 -- Note: 22 -- Velocity: 2;
B0:17:10 -- Chanel: 1 -- Note: 23 -- Velocity: 16;
B0:16:1 -- Chanel: 1 -- Note: 22 -- Velocity: 1;
B0:17:F -- Chanel: 1 -- Note: 23 -- Velocity: 15;
B0:19:17 -- Chanel: 1 -- Note: 25 -- Velocity: 23;
B0:19:18 -- Chanel: 1 -- Note: 25 -- Velocity: 24;
B0:19:17 -- Chanel: 1 -- Note: 25 -- Velocity: 23;
D9:75:0 -- Chanel: 10 -- Note: 117 -- Velocity: 0;
B0:17:10 -- Chanel: 1 -- Note: 23 -- Velocity: 16;
B0:19:18 -- Chanel: 1 -- Note: 25 -- Velocity: 24;
B0:17:F -- Chanel: 1 -- Note: 23 -- Velocity: 15;
B0:19:17 -- Chanel: 1 -- Note: 25 -- Velocity: 23;
D9:76:0 -- Chanel: 10 -- Note: 118 -- Velocity: 0;
D9:75:0 -- Chanel: 10 -- Note: 117 -- Velocity: 0;
B0:19:18 -- Chanel: 1 -- Note: 25 -- Velocity: 24;
B0:19:17 -- Chanel: 1 -- Note: 25 -- Velocity: 23;
D9:72:0 -- Chanel: 10 -- Note: 114 -- Velocity: 0;
D9:71:0 -- Chanel: 10 -- Note: 113 -- Velocity: 0;
D9:72:0 -- Chanel: 10 -- Note: 114 -- Velocity: 