B0:19:18 -- Chanel: 1 -- Note: 25 -- Velocity: 24;
B0:19:17 -- Chanel: 1 -- Note: 25 -- Velocity: 23;
99:18:6 -- Chanel: 10 -- Note: 24 -- Velocity: 6;
D9:F:0 -- Chanel: 10 -- Note: 15 -- Velocity: 0;
D9:12:0 -- Chanel: 10 -- Note: 18 -- Velocity: 0;
B0:19:18 -- Chanel: 1 -- Note: 25 -- Velocity: 24;
B0:16:2 -- Chanel: 1 -- Note: 22 -- Velocity: 2;
B0:17:10 -- Chanel: 1 -- Note: 23 -- Velocity: 16;
D9:15:0 -- Chanel: 10 -- Note: 21 -- Velocity: 0;
B0:19:17 -- Chanel: 1 -- Note: 25 -- Velocity: 23;
B0:19:18 -- Chanel: 1 -- Note: 25 -- Velocity: 24;
D9:17:0 -- Chanel: 10 -- Note: 23 -- Velocity: 0;
B0:16:1 -- Chanel: 1 -- Note: 22 -- Velocity: 1;

B0:17:F -- Chanel: 1 -- Note: 23 -- Velocity: 15;
D9:1A:0 -- Chanel: 10 -- Note: 26 -- Velocity: 0;
D9:1C:0 -- Chanel: 10 -- Note: 28 -- Velocity: 0;
B0:19:17 -- Chanel: 1 -- Note: 25 -- Velocity: 23;
B0:1A:1D -- Chanel: 1 -- Note: 26 -- Velocity: 29;
D9:1E:0 -- Chanel: 10 -- Note: 30 -- Velocity: 0;
D9:22:0 -- Chanel: 10 -- Note: 34 -- Velocity: 0;
D9:28:0 -- Chanel: 10 -- Note: 40 -- Velocity: 0;
D9:2A:0 -- Chanel: 10 -- Note: 42 -- Velocity: 0;
D9:2F:0 -- Chanel: 10 -- Note: 47 -- Velocity: 0;
B0:16:2 -- Chanel: 1 -- Note: 22 -- Velocity: 2;
B0:17:10 -- Chanel: 1 -- Note: 23 -- Velocity: 16;
D9:33:0 -- Chanel: 10 -- Note: 51 -- Velocity: 0;
B0:16:1 -- Chanel: 1 -- Note: 22 -- Velocity: 1;
B0:17:F -- Chanel: 1 -- Note: 23 -- Velocity: 15;
D9:35:0 -- Chanel: 10 -- Note: 53 -- Velocity: 0;
D9:37:0 -- Chanel: 10 -- Note: 55 -- Velocity: 0;
D9:39:0 -- Chanel: 10 -- Note: 57 -- Velocity: 0;
D9:3A:0 -- Chanel: 10 -- Note: 58 -- Velocity: 0;
D9:3C:0 -- Chanel: 10 -- Note: 60 -- Velocity: 0;
D9:3F:0 -- Chanel: 10 -- Note: 63 -- Velocity: 0;
B0:19:18 -- Chanel: 1 -- Note: 25 -- Velocity: 24;
D9:42:0 -- Chanel: 10 -- Note: 66 -- Velocity: 0;
B0:16:2 -- Chanel: 1 -- Note: 22 -- Velocity: 2;
B0:17:10 -- Chanel: 1 -- Note: 23 -- Velocity: 16;
D9:43:0 -- Chanel: 10 -- Note: 67 -- Velocity: 0;
B0:16:1 -- Chanel: 1 -- Note: 22 -- Velocity: 1;
B0:17:F -- Chanel: 1 -- Note: 23 -- Velocity: 15;
D9:46:0 -- Chanel: 10 -- Note: 70 -- Velocity: 0;
D9:4F:0 -- Chanel: 10 -- Note: 79 -- Velocity: 0;
B0:1A:1C -- Chanel: 1 -- Note: 26 -- Velocity: 28;
B0:19:18 -- Chanel: 1 -- Note: 25 -- Velocity: 24;
B0:19:17 -- Chanel: 1 -- Note: 25 -- Velocity: 23;
D9:51:0 -- Chanel: 10 -- Note: 81 -- Velocity: 0;
B0:1A:1D -- Chanel: 1 -- Note: 26 -- Velocity: 29;
D9:52:0 -- Chanel: 10 -- Note: 82 -- Velocity: 0;
B0:16:2 -- Chanel: 1 -- Note: 22 -- Velocity: 2;
B0:17:10 -- Chanel: 1 -- Note: 23 -- Velocity: 16;
B0:19:18 -- Chanel: 1 -- Note: 25 -- Velocity: 24;
B0:16:1 -- Chanel: 1 -- Note: 22 -- Velocity: 1;
B0:17:F -- Chanel: 1 -- Note: 23 -- Velocity: 15;
D9:53:0 -- Chanel: 10 -- Note: 83 -- Velocity: 0;
B0:19:17 -- Chanel: 1 -- Note: 25 -- Velocity: 23;
D9:56:0 -- Chanel: 10 -- Note: 86 -- Velocity: 0;
D9:57:0 -- Chanel: 10 -- Note: 87 -- Velocity: 0;
B0:19:17 -- Chanel: 1 -- Note: 25 -- Velocity: 23;
D9:70:0 -- Chanel: 10 -- Note: 112 -- Velocity: 0;
B0:17:10 -- Chanel: 1 -- Note: 23 -- Velocity: 16;
B0:17:F -- Chanel: 1 -- Note: 23 -- Velocity: 15;
D9:71:0 -- Chanel: 10 -- Note: 113 -- Velocity: 0;
D9:73:0 -- Chanel: 10 -- Note: 115 -- Velocity: 0;
D9:75:0 -- Chanel: 10 -- Note: 117 -- Velocity: 0;
D9:76:0 -- Chanel: 10 -- Note: 118 -- Velocity: 0;
D9:77:0 -- Chanel: 10 -- Note: 119 -- Velocity: 0;
B0:16:2 -- Chanel: 1 -- Note: 22 -- Velocity: 2;
B0:17:10 -- Chanel: 1 -- Note: 23 -- Velocity: 16;
B0:19:18 -- Chanel: 1 -- Note: 25 -- Velocity: 24;
D9:75:0 -- Chanel: 10 -- Note: 117 -- Velocity: 0;
B0:16:1 -- Chanel: 1 -- Note: 22 -- Velocity: 1;
B0:17:F -- Chanel: 1 -- Note: 23 -- Velocity: 15;
B0:19:17 -- Chanel: 1 -- Note: 25 -- Velocity: 23;
B0:16:2 -- Chanel: 1 -- Note: 22 -- Velocity: 2;
B0:17:10 -- Chanel: 1 -- Note: 23 -- Velocity: 16;
B0:19:18 -- Chanel: 1 -- Note: 25 -- Velocity: 24;
B0:16:1 -- Chanel: 1 -- Note: 22 -- Velocity: 1;
B0:17:F -- Chanel: 1 -- Note: 23 -- Velocity: 15;
B0:19:17 -- Chanel: 1 -- Note: 25 -- Velocity: 23;
D9:7E:0 -- Chanel: 10 -- Note: 126 -- Velocity: 0;
D9:7F:0 -- Chanel: 10 -- Note: 127 -- Velocity: 0;
B0:19:18 -- Chanel: 1 -- Note: 25 -- Velocity: 24;
D9:7E:0 -- Chanel: 10 -- Note: 126 -- Velocity: 0;
D9:7F:0 -- Chanel: 10 -- Note: 127 -- Velocity: 0;
B0:19:17 -- Chanel: 1 -- Note: 25 -- Velocity: 23;
D9:7D:0 -- Chanel: 10 -- Note: 125 -- Velocity: 0;
D9:76:0 -- Chanel: 10 -- Note: 118 -- Velocity: 0;
D9:75:0 -- Chanel: 10 -- Note: 117 -- Velocity: 0;
D9:6E:0 -- Chanel: 10 -- Note: 110 -- Velocity: 0;
B0:19:18 -- Chanel: 1 -- Note: 25 -- Velocity: 24;
B0:19:17 -- Chanel: 1 -- Note: 25 -- Velocity: 23;
B0:19:18 -- Chanel: 1 -- Note: 25 -- Velocity: 24;
B0:19:17 -- Chanel: 1 -- Note: 25 -- Velocity: 23;
B0:19:18 -- Chanel: 1 -- Note: 25 -- Velocity: 24;
B0:19:17 -- Chanel: 1 -- Note: 25 -- Velocity: 23;
B0:19:18 -- Chanel: 1 -- Note: 25 -- Velocity: 24;
B0:19:17 -- Chanel: 1 -- Note: 25 -- Velocity: 23;
