B0:17:10 -- Chanel: 1 -- Note: 23 -- Velocity: 16;
D9:53:0 -- Chanel: 10 -- Note: 83 -- Velocity: 0;
B0:17:F -- Chanel: 1 -- Note: 23 -- Velocity: 15;
D9:57:0 -- Chanel: 10 -- Note: 87 -- Velocity: 0;
D9:5C:0 -- Chanel: 10 -- Note: 92 -- Velocity: 0;
D9:5F:0 -- Chanel: 10 -- Note: 95 -- Velocity: 0;
D9:60:0 -- Chanel: 10 -- Note: 96 -- Velocity: 0;
D9:66:0 -- Chanel: 10 -- Note: 102 -- Velocity: 0;
D9:68:0 -- Chanel: 10 -- Note: 104 -- Velocity: 0;
D9:69:0 -- Chanel: 10 -- Note: 105 -- Velocity: 0;
D9:6F:0 -- Chanel: 10 -- Note: 111 -- Velocity: 0;
D9:74:0 -- Chanel: 10 -- Note: 116 -- Velocity: 0;
D9:77:0 -- Chanel: 10 -- Note: 119 -- Velocity: 0;
D9:78:0 -- Chanel: 10 -- Note: 120 -- Velocity: 0;
D9:7B:0 -- Chanel: 10 -- Note: 123 -- Velocity: 0;
D9:7D:0 -- Chanel: 10 -- Note: 125 -- Velocity: 0;
D9:7E:0 -- Chanel: 10 -- Note: 126 -- Velocity: 0;
B0:19:18 -- Chanel: 1 -- Note: 25 -- Velocity: 24;
D9:7F:0 -- Chanel: 10 -- Note: 127 -- Velocity: 0;
B0:1A:1C -- Chanel: 1 -- Note: 26 -- Velocity: 28;
D9:7E:0 -- Chanel: 10 -- Note: 126 -- Velocity: 0;
B0:19:17 -- Chanel: 1 -- Note: 25 -- Velocity: 23;
B0:1A:1D -- Chanel: 1 -- Note: 26 -- Velocity: 29;
D9:7F:0 -- Chanel: 10 -- Note: 127 -- Velocity: 0;
B0:19:18 -- Chanel: 1 -- Note: 25 -- Velocity: 24;
B0:19:17 -- Chanel: 1 -- Note: 25 -- Velocity: 23;
D9:7E:0 -- Chanel: 10 -- Note: 126 -- Velocity: 0;
D9:7F:0 -- Chanel: 10 -- Note: 127 -- Velocity: 0;
B0:19:18 -- Chanel: 1 -- Note: 25 -- Velocity: 24;
B0:19:17 -- Chanel: 1 -- Note: 25 -- Velocity: 23;
D9:7E:0 -- Chanel: 10 -- Note: 126 -- Velocity: 0;
D9:7F:0 -- Chanel: 10 -- Note: 127 -- Velocity: 0;
B0:16:2 -- Chanel: 1 -- Note: 22 -- Velocity: 2;
B0:17:10 -- Chanel: 1 -- Note: 23 -- Velocity: 16;
B0:19:18 -- Chanel: 1 -- Note: 25 -- Velocity: 24;
B0:1A:1C -- Chanel: 1 -- Note: 26 -- Velocity: 28;
D9:7E:0 -- Chanel: 10 -- Note: 126 -- Velocity: 0;
B0:16:1 -- Chanel: 1 -- Note: 22 -- Velocity: 1;
B0:17:F -- Chanel: 1 -- Note: 23 -- Velocity: 15;
B0:19:17 -- Chanel: 1 -- Note: 25 -- Velocity: 23;
D9:7E:0 -- Chanel: 10 -- Note: 126 -- Velocity: 0;
B0:19:18 -- Chanel: 1 -- Note: 25 -- Velocity: 24;
B0:1A:1C -- Chanel: 1 -- Note: 26 -- Velocity: 28;
B0:19:17 -- Chanel: 1 -- Note: 25 -- Velocity: 23;
D9:7F:0 -- Chanel: 10 -- Note: 127 -- Velocity: 0;
D9:7E:0 -- Chanel: 10 -- Note: 126 -- Velocity: 0;
D9:7F:0 -- Chanel: 10 -- Note: 127 -- Velocity: 0;
B0:19:18 -- Chanel: 1 -- Note: 25 -- Velocity: 24;
B0:19:17 -- Chanel: 1 -- Note: 25 -- Velocity: 23;
B0:19:18 -- Chanel: 1 -- Note: 25 -- Velocity: 24;
B0:19:17 -- Chanel: 1 -- Note: 25 -- Velocity: 23;
B0:19:18 -- Chanel: 1 -- Note: 25 -- Velocity: 24;
B0:19:17 -- Chanel: 1 -- Note: 25 -- Velocity: 23;
D9:7E:0 -- Chanel: 10 -- Note: 126 -- Velocity: 0;
B0:19:18 -- Chanel: 1 -- Note: 25 -- Velocity: 24;
B0:19:17 -- Chanel: 1 -- Note: 25 -- Velocity: 23;
B0:19:18 -- Chanel: 1 -- Note: 25 -- Velocity: 24;
D9:7E:0 -- Chanel: 10 -- Note: 126 -- Velocity: 0;
D9:7F:0 -- Chanel: 10 -- Note: 127 -- Velocity: 0;
B0:16:2 -- Chanel: 1 -- Note: 22 -- Velocity: 2;
B0:17:10 -- Chanel: 1 -- Note: 23 -- Velocity: 16;
B0:16:1 -- Chanel: 1 -- Note: 22 -- Velocity: 1;
B0:17:F -- Chanel: 1 -- Note: 23 -- Velocity: 15;
B0:19:17 -- Chanel: 1 -- Note: 25 -- Velocity: 23;
B0:17:10 -- Chanel: 1 -- Note: 23 -- Velocity: 16;
B0:17:F -- Chanel: 1 -- Note: 23 -- Velocity: 15;
D9:7E:0 -- Chanel: 10 -- Note: 126 -- Velocity: 0;
D9:7F:0 -- Chanel: 10 -- Note: 127 -- Velocity: 0;
B0:19:18 -- Chanel: 1 -- Note: 25 -- Velocity: 24;
D9:7E:0 -- Chanel: 10 -- Note: 126 -- Velocity: 0;
B0:19:17 -- Chanel: 1 -- Note: 25 -- Velocity: 23;
D9:7F:0 -- Chanel: 10 -- Note: 127 -- Velocity: 0;
D9:7E:0 -- Chanel: 10 -- Note: 126 -- Velocity: 0;
D9:7F:0 -- Chanel: 10 -- Note: 127 -- Velocity: 0;
B0:19:18 -- Chanel: 1 -- Note: 25 -- Velocity: 24;
B0:19:17 -- Chanel: 1 -- Note: 25 -- Velocity: 23;
D9:7E:0 -- Chanel: 10 -- Note: 126 -- Velocity: 0;
B0:19:18 -- Chanel: 1 -- Note: 25 -- Velocity: 24;
D9:7F:0 -- Chanel: 10 -- Note: 127 -- Velocity: 0;
B0:19:17 -- Chanel: 1 -- Note: 25 -- Velocity: 23;
D9:7E:0 -- Chanel: 10 -- Note: 126 -- Velocity: 0;
D9:7F:0 -- Chanel: 10 -- Note: 127 -- Velocity: 0;
B0:19:18 -- Chanel: 1 -- Note: 25 -- Velocity: 24;
B0:19:17 -- Chanel: 1 -- Note: 25 -- Velocity: 23;
B0:19:18 -- Chanel: 1 -- Note: 25 -- Velocity: 24;
D9:7E:0 -- Chanel: 10 -- Note: 126 -- Velocity: 0;
D9:7C:0 -- Chanel: 10 -- Note: 124 -- Velocity: 0;
B0:19:17 -- Chanel: 1 -- Note: 25 -- Velocity: 23;
D9:55:0 -- Chanel: 10 -- Note: 85 -- Velocity: 0;
B0:17:10 -- Chanel: 1 -- Note: 23 -- Velocity: 16;
B0:19:18 -- Chanel: 1 -- Note: 25 -- Velocity: 24;
D9:54:0 -- Chanel: 10 -- Note: 84 -- Velocity: 0;
B0:17:F -- Chanel: 1 -- Note: 23 -- Velocity: 15;
B0:19:17 -- Chanel: 1 -- Note: 25 -- Velocity: 23;
D9:55:0 -- Chanel: 10 -- Note: 85 -- Velocity: 0;
D9:54:0 -- Chanel: 10 -- Note: 84 -- Velocity: 0;
D9:4F:0 -- Chanel: 10 -- Note: 79 -- Velocity: 0;
D9:41:0 -- Chanel: 10 -- Note: 65 -- Velocity: 0;
B0:16:2 -- Chanel: 1 -- Note: 22 -- Velocity: 2;
B0:17:10 -- Chanel: 1 -- Note: 23 -- Velocity: 16;
B0:16:1 -- Chanel: 1 -- Note: 22 -- Velocity: 1;
B0:17:F -- Chanel: 1 -- Note: 23 -- Velocity: 15;
D9:15:0 -- Chanel: 10 -- Note: 21 -- Velocity: 0;
D9:0:0 -- Chanel: 10 -- Note: 0 -- Velocity: 0;
99:18:2D -- Chanel: 10 -- Note: 24 -- Velocity: 45;
B0:19:18 -- Chanel: 1 -- Note: 25 -- Velocity: 24;
89:18:0 -- Chanel: 10 -- Note: 24 -- Velocity: 0;
B0:19:17 -- Chanel: 1 -- Note: 25 -- Velocity: 23;
99:18:30 -- Chanel: 10 -- Note: 24 -- Velocity: 48;
B0:1A:1C -- Chanel: 1 -- Note: 26 -- Velocity: 28;
B0:19:18 -- Chanel: 1 -- Note: 25 -- Velocity: 24;
B0:19:17 -- Chanel: 1 -- Note: 25 -- Velocity: 23;
D9:6D:0 -- Chanel: 10 -- Note: 109 -- Velocity: 0;
D9:77:0 -- Chanel: 10 -- Note: 119 -- Velocity: 0;
B0:16:2 -- Chanel: 1 -- Note: 22 -- Velocity: 2;
B0:17:10 -- Chanel: 1 -- Note: 23 -- Velocity: 16;
B0:16:1 -- Chanel: 1 -- Note: 22 -- Velocity: 1;
B0:17:F -- Chanel: 1 -- Note: 23 -- Velocity: 15;
D9:7A:0 -- Chanel: 10 -- Note: 122 -- Velocity: 0;
D9:7D:0 -- Chanel: 10 -- Note: 125 -- Velocity: 0;
D9:6F:0 -- Chanel: 10 -- Note: 111 -- Velocity: 0;
B0:19:17 -- Chanel: 1 -- Note: 25 -- Velocity: 23;
D9:61:0 -- Chanel: 10 -- Note: 97 -- Velocity: 0;
D9:52:0 -- Chanel: 10 -- Note: 82 -- Velocity: 0;
D9:2B:0 -- Chanel: 10 -- Note: 43 -- Velocity: 0;